This is pdfTeX, Version 3.14159265-2.6-1.40.21 (TeX Live 2020) (preloaded format=pdflatex 2021.4.8)  10 MAY 2021 15:20
entering extended mode
 restricted \write18 enabled.
 %&-line parsing enabled.
**algorithme.tex
(./algorithme.tex
LaTeX2e <2020-02-02> patch level 5
L3 programming layer <2020-04-06>

! LaTeX Error: File `subfiles.cls' not found.

Type X to quit or <RETURN> to proceed,
or enter new name. (Default extension: cls)

Enter file name: 
! Emergency stop.
<read *> 
         
l.2 \graphicspath
                 {{\subfix{images/}}}^^M
*** (cannot \read from terminal in nonstop modes)

 
Here is how much of TeX's memory you used:
 23 strings out of 482555
 479 string characters out of 5952146
 234651 words of memory out of 5000000
 15763 multiletter control sequences out of 15000+600000
 532338 words of font info for 24 fonts, out of 8000000 for 9000
 14 hyphenation exceptions out of 8191
 14i,0n,17p,83b,10s stack positions out of 5000i,500n,10000p,200000b,80000s
!  ==> Fatal error occurred, no output PDF file produced!
